Arguments: 
  D:\myself\download\Node\node.exe C:\Users\Fan\AppData\Roaming\npm\node_modules\yarn\bin\yarn.js add vant

PATH: 
  C:\Windows\system32;C:\Windows;C:\Windows\System32\Wbem;C:\Windows\System32\WindowsPowerShell\v1.0\;C:\Windows\System32\OpenSSH\;C:\Program Files (x86)\NVIDIA Corporation\PhysX\Common;C:\Program Files\NVIDIA Corporation\NVIDIA NvDLISR;C:\Program Files\Intel\WiFi\bin\;C:\Program Files\Common Files\Intel\WirelessCommon\;D:\myself\download\Git\cmd;D:\myself\download\Node\;C:\Users\Fan\AppData\Local\Microsoft\WindowsApps;C:\Users\Fan\AppData\Roaming\npm;C:\Users\Fan\AppData\Local\BypassRuntm

Yarn version: 
  1.19.1

Node version: 
  10.15.3

Platform: 
  win32 x64

Trace: 
  Error: connect ETIMEDOUT 104.16.26.35:443
      at TCPConnectWrap.afterConnect [as oncomplete] (net.js:1097:14)

npm manifest: 
  {
    "name": "vue-yidian",
    "version": "1.0.0",
    "description": "A Vue.js project",
    "author": "fanafang <afanghehe@163.com>",
    "private": true,
    "scripts": {
      "dev": "webpack-dev-server --inline --progress --config build/webpack.dev.conf.js",
      "start": "npm run dev",
      "build": "node build/build.js"
    },
    "dependencies": {
      "vant": "^2.2.12",
      "vue": "^2.5.2",
      "vue-router": "^3.0.1"
    },
    "devDependencies": {
      "autoprefixer": "^7.1.2",
      "babel-core": "^6.22.1",
      "babel-helper-vue-jsx-merge-props": "^2.0.3",
      "babel-loader": "^7.1.1",
      "babel-plugin-syntax-jsx": "^6.18.0",
      "babel-plugin-transform-runtime": "^6.22.0",
      "babel-plugin-transform-vue-jsx": "^3.5.0",
      "babel-preset-env": "^1.3.2",
      "babel-preset-stage-2": "^6.22.0",
      "chalk": "^2.0.1",
      "copy-webpack-plugin": "^4.0.1",
      "css-loader": "^0.28.0",
      "extract-text-webpack-plugin": "^3.0.0",
      "file-loader": "^1.1.4",
      "friendly-errors-webpack-plugin": "^1.6.1",
      "html-webpack-plugin": "^2.30.1",
      "node-notifier": "^5.1.2",
      "optimize-css-assets-webpack-plugin": "^3.2.0",
      "ora": "^1.2.0",
      "portfinder": "^1.0.13",
      "postcss-import": "^11.0.0",
      "postcss-loader": "^2.0.8",
      "postcss-url": "^7.2.1",
      "rimraf": "^2.6.0",
      "semver": "^5.3.0",
      "shelljs": "^0.7.6",
      "uglifyjs-webpack-plugin": "^1.1.1",
      "url-loader": "^0.5.8",
      "vue-loader": "^13.3.0",
      "vue-style-loader": "^3.0.1",
      "vue-template-compiler": "^2.5.2",
      "webpack": "^3.6.0",
      "webpack-bundle-analyzer": "^2.9.0",
      "webpack-dev-server": "^2.9.1",
      "webpack-merge": "^4.1.0"
    },
    "engines": {
      "node": ">= 6.0.0",
      "npm": ">= 3.0.0"
    },
    "browserslist": [
      "> 1%",
      "last 2 versions",
      "not ie <= 8"
    ]
  }

yarn manifest: 
  No manifest

Lockfile: 
  No lockfile
